[2024-01-02 05:16:16] app.ERROR: Data from PrestaShop Addons is invalid, and cannot fallback on cache. [] []
[2024-01-02 05:16:18] app.INFO: Protect vendor folder in module blockwishlist [] []
[2024-01-02 05:16:18] app.INFO: Module blockwishlist has no vendor folder [] []
[2024-01-02 05:16:18] app.INFO: Protect vendor folder in module contactform [] []
[2024-01-02 05:16:18] app.INFO: Module contactform has no vendor folder [] []
[2024-01-02 05:16:18] app.INFO: Protect vendor folder in module dashactivity [] []
[2024-01-02 05:16:18] app.INFO: Module dashactivity has no vendor folder [] []
[2024-01-02 05:16:18] app.INFO: Protect vendor folder in module dashtrends [] []
[2024-01-02 05:16:18] app.INFO: Module dashtrends has no vendor folder [] []
[2024-01-02 05:16:19] app.INFO: Protect vendor folder in module dashgoals [] []
[2024-01-02 05:16:19] app.INFO: Module dashgoals has no vendor folder [] []
[2024-01-02 05:16:19] app.INFO: Protect vendor folder in module dashproducts [] []
[2024-01-02 05:16:19] app.INFO: Module dashproducts has no vendor folder [] []
[2024-01-02 05:16:19] app.INFO: Protect vendor folder in module graphnvd3 [] []
[2024-01-02 05:16:19] app.INFO: Module graphnvd3 has no vendor folder [] []
[2024-01-02 05:16:19] app.INFO: Protect vendor folder in module gridhtml [] []
[2024-01-02 05:16:19] app.INFO: Module gridhtml has no vendor folder [] []
[2024-01-02 05:16:19] app.INFO: Protect vendor folder in module gsitemap [] []
[2024-01-02 05:16:19] app.INFO: Module gsitemap has no vendor folder [] []
[2024-01-02 05:16:19] app.INFO: Protect vendor folder in module pagesnotfound [] []
[2024-01-02 05:16:19] app.INFO: Module pagesnotfound has no vendor folder [] []
[2024-01-02 05:16:19] app.INFO: Protect vendor folder in module productcomments [] []
[2024-01-02 05:16:20] app.INFO: Module productcomments has no vendor folder [] []
[2024-01-02 05:16:20] app.INFO: Protect vendor folder in module ps_banner [] []
[2024-01-02 05:16:20] app.INFO: Module ps_banner has no vendor folder [] []
[2024-01-02 05:16:20] app.INFO: Protect vendor folder in module ps_categorytree [] []
[2024-01-02 05:16:20] app.INFO: Module ps_categorytree has no vendor folder [] []
[2024-01-02 05:16:20] app.INFO: Protect vendor folder in module ps_checkpayment [] []
[2024-01-02 05:16:20] app.INFO: Module ps_checkpayment has no vendor folder [] []
[2024-01-02 05:16:20] app.INFO: Protect vendor folder in module ps_contactinfo [] []
[2024-01-02 05:16:20] app.INFO: Module ps_contactinfo has no vendor folder [] []
[2024-01-02 05:16:20] app.INFO: Protect vendor folder in module ps_crossselling [] []
[2024-01-02 05:16:20] app.INFO: Module ps_crossselling has no vendor folder [] []
[2024-01-02 05:16:20] app.INFO: Protect vendor folder in module ps_currencyselector [] []
[2024-01-02 05:16:20] app.INFO: Module ps_currencyselector has no vendor folder [] []
[2024-01-02 05:16:20] app.INFO: Protect vendor folder in module ps_customeraccountlinks [] []
[2024-01-02 05:16:20] app.INFO: Module ps_customeraccountlinks has no vendor folder [] []
[2024-01-02 05:16:20] app.INFO: Protect vendor folder in module ps_customersignin [] []
[2024-01-02 05:16:20] app.INFO: Module ps_customersignin has no vendor folder [] []
[2024-01-02 05:16:21] app.INFO: Protect vendor folder in module ps_customtext [] []
[2024-01-02 05:16:21] app.INFO: Module ps_customtext has no vendor folder [] []
[2024-01-02 05:16:21] app.INFO: Protect vendor folder in module ps_dataprivacy [] []
[2024-01-02 05:16:21] app.INFO: Module ps_dataprivacy has no vendor folder [] []
[2024-01-02 05:16:21] app.INFO: Protect vendor folder in module ps_emailsubscription [] []
[2024-01-02 05:16:21] app.INFO: Module ps_emailsubscription has no vendor folder [] []
[2024-01-02 05:16:22] app.INFO: Protect vendor folder in module ps_facetedsearch [] []
[2024-01-02 05:16:22] app.INFO: Module ps_facetedsearch has no vendor folder [] []
[2024-01-02 05:16:22] app.INFO: Protect vendor folder in module ps_faviconnotificationbo [] []
[2024-01-02 05:16:22] app.INFO: Module ps_faviconnotificationbo has no vendor folder [] []
[2024-01-02 05:16:22] app.INFO: Protect vendor folder in module ps_featuredproducts [] []
[2024-01-02 05:16:23] app.INFO: Module ps_featuredproducts has no vendor folder [] []
[2024-01-02 05:16:23] app.INFO: Protect vendor folder in module ps_imageslider [] []
[2024-01-02 05:16:23] app.INFO: Module ps_imageslider has no vendor folder [] []
[2024-01-02 05:16:23] app.INFO: Protect vendor folder in module ps_languageselector [] []
[2024-01-02 05:16:23] app.INFO: Module ps_languageselector has no vendor folder [] []
[2024-01-02 05:16:23] app.INFO: Protect vendor folder in module ps_linklist [] []
[2024-01-02 05:16:23] app.INFO: Module ps_linklist has no vendor folder [] []
[2024-01-02 05:16:24] app.INFO: Protect vendor folder in module ps_mainmenu [] []
[2024-01-02 05:16:24] app.INFO: Module ps_mainmenu has no vendor folder [] []
[2024-01-02 05:16:24] app.INFO: Protect vendor folder in module ps_searchbar [] []
[2024-01-02 05:16:24] app.INFO: Module ps_searchbar has no vendor folder [] []
[2024-01-02 05:16:24] app.INFO: Protect vendor folder in module ps_sharebuttons [] []
[2024-01-02 05:16:24] app.INFO: Module ps_sharebuttons has no vendor folder [] []
[2024-01-02 05:16:24] app.INFO: Protect vendor folder in module ps_shoppingcart [] []
[2024-01-02 05:16:24] app.INFO: Module ps_shoppingcart has no vendor folder [] []
[2024-01-02 05:16:24] app.INFO: Protect vendor folder in module ps_socialfollow [] []
[2024-01-02 05:16:24] app.INFO: Module ps_socialfollow has no vendor folder [] []
[2024-01-02 05:16:24] app.INFO: Protect vendor folder in module ps_themecusto [] []
[2024-01-02 05:16:24] app.INFO: Module ps_themecusto has no vendor folder [] []
[2024-01-02 05:16:25] app.INFO: Protect vendor folder in module ps_wirepayment [] []
[2024-01-02 05:16:25] app.INFO: Module ps_wirepayment has no vendor folder [] []
[2024-01-02 05:16:25] app.INFO: Protect vendor folder in module statsbestcategories [] []
[2024-01-02 05:16:25] app.INFO: Module statsbestcategories has no vendor folder [] []
[2024-01-02 05:16:25] app.INFO: Protect vendor folder in module statsbestcustomers [] []
[2024-01-02 05:16:25] app.INFO: Module statsbestcustomers has no vendor folder [] []
[2024-01-02 05:16:25] app.INFO: Protect vendor folder in module statsbestproducts [] []
[2024-01-02 05:16:25] app.INFO: Module statsbestproducts has no vendor folder [] []
[2024-01-02 05:16:25] app.INFO: Protect vendor folder in module statsbestsuppliers [] []
[2024-01-02 05:16:25] app.INFO: Module statsbestsuppliers has no vendor folder [] []
[2024-01-02 05:16:25] app.INFO: Protect vendor folder in module statsbestvouchers [] []
[2024-01-02 05:16:25] app.INFO: Module statsbestvouchers has no vendor folder [] []
[2024-01-02 05:16:25] app.INFO: Protect vendor folder in module statscarrier [] []
[2024-01-02 05:16:25] app.INFO: Module statscarrier has no vendor folder [] []
[2024-01-02 05:16:26] app.INFO: Protect vendor folder in module statscatalog [] []
[2024-01-02 05:16:26] app.INFO: Module statscatalog has no vendor folder [] []
[2024-01-02 05:16:26] app.INFO: Protect vendor folder in module statscheckup [] []
[2024-01-02 05:16:26] app.INFO: Module statscheckup has no vendor folder [] []
[2024-01-02 05:16:26] app.INFO: Protect vendor folder in module statsdata [] []
[2024-01-02 05:16:26] app.INFO: Module statsdata has no vendor folder [] []
[2024-01-02 05:16:26] app.INFO: Protect vendor folder in module statsforecast [] []
[2024-01-02 05:16:26] app.INFO: Module statsforecast has no vendor folder [] []
[2024-01-02 05:16:26] app.INFO: Protect vendor folder in module statsnewsletter [] []
[2024-01-02 05:16:26] app.INFO: Module statsnewsletter has no vendor folder [] []
[2024-01-02 05:16:26] app.INFO: Protect vendor folder in module statspersonalinfos [] []
[2024-01-02 05:16:26] app.INFO: Module statspersonalinfos has no vendor folder [] []
[2024-01-02 05:16:27] app.INFO: Protect vendor folder in module statsproduct [] []
[2024-01-02 05:16:27] app.INFO: Module statsproduct has no vendor folder [] []
[2024-01-02 05:16:27] app.INFO: Protect vendor folder in module statsregistrations [] []
[2024-01-02 05:16:27] app.INFO: Module statsregistrations has no vendor folder [] []
[2024-01-02 05:16:27] app.INFO: Protect vendor folder in module statssales [] []
[2024-01-02 05:16:27] app.INFO: Module statssales has no vendor folder [] []
[2024-01-02 05:16:27] app.INFO: Protect vendor folder in module statssearch [] []
[2024-01-02 05:16:27] app.INFO: Module statssearch has no vendor folder [] []
[2024-01-02 05:16:27] app.INFO: Protect vendor folder in module statsstock [] []
[2024-01-02 05:16:27] app.INFO: Module statsstock has no vendor folder [] []
[2024-01-02 05:16:27] app.INFO: Protect vendor folder in module welcome [] []
[2024-01-02 05:16:27] app.INFO: Module welcome has no vendor folder [] []
[2024-01-02 16:26:25] request.INFO: Matched route "admin_module_manage". {"route":"admin_module_manage","route_parameters":{"category":null,"keyword":null,"_controller":"PrestaShopBundle\\Controller\\Admin\\Improve\\ModuleController::manageAction","_legacy_controller":"AdminModulesManage","_legacy_link":["AdminModulesManage","AdminModulesSf"],"_route":"admin_module_manage"},"request_uri":"http://localhost/prestashop/admin196kgymuc/index.php/improve/modules/manage?_token=6L7dXhw7wOAvxYgp0NrXETRJPS0zhX03rB71LlgJH8Y","method":"GET"} []
[2024-01-02 16:26:25] security.DEBUG: Read existing security token from the session. {"key":"_security_main","token_class":"Symfony\\Component\\Security\\Core\\Authentication\\Token\\UsernamePasswordToken"} []
[2024-01-02 16:26:25] security.DEBUG: User was reloaded from a user provider. {"provider":"PrestaShopBundle\\Security\\Admin\\EmployeeProvider","username":"carlosmoncho2002@gmail.com"} []
[2024-01-02 16:26:36] request.CRITICAL: Uncaught PHP Exception Symfony\Component\Debug\Exception\FatalErrorException: "Compile Error: require_once(): Failed opening required '/var/www/html/prestashop/modules/customtextdisplay/customtextdisplay.php' (include_path='/var/www/html/prestashop/vendor/pear/pear_exception:/var/www/html/prestashop/vendor/pear/console_getopt:/var/www/html/prestashop/vendor/pear/pear-core-minimal/src:/var/www/html/prestashop/vendor/pear/archive_tar:.:/usr/share/php')" at /var/www/html/prestashop/src/Adapter/Module/ModuleDataProvider.php line 253 {"exception":"[object] (Symfony\\Component\\Debug\\Exception\\FatalErrorException(code: 0): Compile Error: require_once(): Failed opening required '/var/www/html/prestashop/modules/customtextdisplay/customtextdisplay.php' (include_path='/var/www/html/prestashop/vendor/pear/pear_exception:/var/www/html/prestashop/vendor/pear/console_getopt:/var/www/html/prestashop/vendor/pear/pear-core-minimal/src:/var/www/html/prestashop/vendor/pear/archive_tar:.:/usr/share/php') at /var/www/html/prestashop/src/Adapter/Module/ModuleDataProvider.php:253)"} []
[2024-01-02 16:26:36] security.DEBUG: Stored the security token in the session. {"key":"_security_main"} []
[2024-01-02 16:27:37] request.CRITICAL: Uncaught PHP Exception Symfony\Component\Debug\Exception\FatalErrorException: "Compile Error: require_once(): Failed opening required '/var/www/html/prestashop/modules/customtextdisplay/customtextdisplay.php' (include_path='/var/www/html/prestashop/vendor/pear/pear_exception:/var/www/html/prestashop/vendor/pear/console_getopt:/var/www/html/prestashop/vendor/pear/pear-core-minimal/src:/var/www/html/prestashop/vendor/pear/archive_tar:.:/usr/share/php')" at /var/www/html/prestashop/classes/module/Module.php line 1410 {"exception":"[object] (Symfony\\Component\\Debug\\Exception\\FatalErrorException(code: 0): Compile Error: require_once(): Failed opening required '/var/www/html/prestashop/modules/customtextdisplay/customtextdisplay.php' (include_path='/var/www/html/prestashop/vendor/pear/pear_exception:/var/www/html/prestashop/vendor/pear/console_getopt:/var/www/html/prestashop/vendor/pear/pear-core-minimal/src:/var/www/html/prestashop/vendor/pear/archive_tar:.:/usr/share/php') at /var/www/html/prestashop/classes/module/Module.php:1410)"} []
[2024-01-02 16:28:52] request.INFO: Matched route "admin_module_manage". {"route":"admin_module_manage","route_parameters":{"category":null,"keyword":null,"_controller":"PrestaShopBundle\\Controller\\Admin\\Improve\\ModuleController::manageAction","_legacy_controller":"AdminModulesManage","_legacy_link":["AdminModulesManage","AdminModulesSf"],"_route":"admin_module_manage"},"request_uri":"http://localhost/prestashop/admin196kgymuc/index.php/improve/modules/manage?_token=6L7dXhw7wOAvxYgp0NrXETRJPS0zhX03rB71LlgJH8Y","method":"GET"} []
[2024-01-02 16:28:52] security.DEBUG: Read existing security token from the session. {"key":"_security_main","token_class":"Symfony\\Component\\Security\\Core\\Authentication\\Token\\UsernamePasswordToken"} []
[2024-01-02 16:28:52] security.DEBUG: User was reloaded from a user provider. {"provider":"PrestaShopBundle\\Security\\Admin\\EmployeeProvider","username":"carlosmoncho2002@gmail.com"} []
[2024-01-02 16:28:53] request.CRITICAL: Uncaught PHP Exception Symfony\Component\Debug\Exception\FatalErrorException: "Compile Error: require_once(): Failed opening required '/var/www/html/prestashop/modules/customtextdisplay/customtextdisplay.php' (include_path='/var/www/html/prestashop/vendor/pear/pear_exception:/var/www/html/prestashop/vendor/pear/console_getopt:/var/www/html/prestashop/vendor/pear/pear-core-minimal/src:/var/www/html/prestashop/vendor/pear/archive_tar:.:/usr/share/php')" at /var/www/html/prestashop/src/Adapter/Module/ModuleDataProvider.php line 253 {"exception":"[object] (Symfony\\Component\\Debug\\Exception\\FatalErrorException(code: 0): Compile Error: require_once(): Failed opening required '/var/www/html/prestashop/modules/customtextdisplay/customtextdisplay.php' (include_path='/var/www/html/prestashop/vendor/pear/pear_exception:/var/www/html/prestashop/vendor/pear/console_getopt:/var/www/html/prestashop/vendor/pear/pear-core-minimal/src:/var/www/html/prestashop/vendor/pear/archive_tar:.:/usr/share/php') at /var/www/html/prestashop/src/Adapter/Module/ModuleDataProvider.php:253)"} []
[2024-01-02 16:28:53] security.DEBUG: Stored the security token in the session. {"key":"_security_main"} []
